<?xml version="1.0" encoding="UTF-8"?>
<!-- Generated by org.testng.reporters.JUnitReportReporter -->
<testsuite hostname="LAPTOP-2VPP5HGI" name="com.qa.amazon.tests.LoginPageTest" tests="1" failures="0" timestamp="11 Sep 2019 05:22:22 GMT" time="14.486" errors="0">
  <testcase name="loginTestWithCorrectCredentialsTest" time="14.486" classname="com.qa.amazon.tests.LoginPageTest"/>
</testsuite> <!-- com.qa.amazon.tests.LoginPageTest -->
