<?xml version="1.0" encoding="UTF-8"?>
<!-- Generated by org.testng.reporters.JUnitReportReporter -->
<testsuite hostname="LAPTOP-2VPP5HGI" name="com.qa.amazon.tests.ProductListPageTest" tests="1" failures="0" timestamp="11 Sep 2019 07:31:22 GMT" time="28.058" errors="0">
  <testcase name="verifyItemsPage" time="28.058" classname="com.qa.amazon.tests.ProductListPageTest"/>
</testsuite> <!-- com.qa.amazon.tests.ProductListPageTest -->
