<?xml version="1.0" encoding="UTF-8"?>
<!-- Generated by org.testng.reporters.JUnitReportReporter -->
<testsuite hostname="LAPTOP-2VPP5HGI" name="com.qa.amazon.tests.SearchPageTest" tests="1" failures="0" timestamp="11 Sep 2019 05:38:37 GMT" time="15.054" errors="0">
  <testcase name="verifyproductsearch" time="15.054" classname="com.qa.amazon.tests.SearchPageTest"/>
</testsuite> <!-- com.qa.amazon.tests.SearchPageTest -->
